#
# There is insufficient memory for the Java Runtime Environment to continue.
# Native memory allocation (malloc) failed to allocate 846848 bytes for Chunk::new
# Possible reasons:
#   The system is out of physical RAM or swap space
#   In 32 bit mode, the process size limit was hit
# Possible solutions:
#   Reduce memory load on the system
#   Increase physical memory or swap space
#   Check if swap backing store is full
#   Use 64 bit Java on a 64 bit OS
#   Decrease Java heap size (-Xmx/-Xms)
#   Decrease number of Java threads
#   Decrease Java thread stack sizes (-Xss)
#   Set larger code cache with -XX:ReservedCodeCacheSize=
# This output file may be truncated or incomplete.
#
#  Out of Memory Error (allocation.cpp:390), pid=7844, tid=14580
#
# JRE version: Java(TM) SE Runtime Environment (8.0_65-b17) (build 1.8.0_65-b17)
# Java VM: Java HotSpot(TM) 64-Bit Server VM (25.65-b01 mixed mode windows-amd64 compressed oops)
# Failed to write core dump. Minidumps are not enabled by default on client versions of Windows
#

---------------  T H R E A D  ---------------

Current thread (0x0000000015525800):  JavaThread "C2 CompilerThread0" daemon [_thread_in_native, id=14580, stack(0x00000000164a0000,0x00000000165a0000)]

Stack: [0x00000000164a0000,0x00000000165a0000]
[error occurred during error reporting (printing stack bounds), id 0xc0000005]

Native frames: (J=compiled Java code, j=interpreted, Vv=VM code, C=native code)


Current CompileTask:
C2:  12680 1779   !   4       com.android.dx.cf.code.BytecodeArray::parseInstruction (2764 bytes)


---------------  P R O C E S S  ---------------

Java Threads: ( => current thread )
  0x00000000167c5800 JavaThread "pool-1-thread-4" [_thread_blocked, id=13888, stack(0x00000000170a0000,0x00000000171a0000)]
  0x00000000167c0800 JavaThread "pool-1-thread-3" [_thread_blocked, id=13896, stack(0x0000000016fa0000,0x00000000170a0000)]
  0x00000000167ae000 JavaThread "pool-1-thread-2" [_thread_in_Java, id=14264, stack(0x0000000016ea0000,0x0000000016fa0000)]
  0x00000000167a5800 JavaThread "pool-2-thread-1" [_thread_blocked, id=14200, stack(0x0000000016da0000,0x0000000016ea0000)]
  0x00000000167a2800 JavaThread "pool-1-thread-1" [_thread_in_Java, id=13904, stack(0x0000000016ca0000,0x0000000016da0000)]
  0x000000001556e000 JavaThread "Service Thread" daemon [_thread_blocked, id=7008, stack(0x0000000016aa0000,0x0000000016ba0000)]
  0x000000001556d000 JavaThread "C1 CompilerThread1" daemon [_thread_blocked, id=8468, stack(0x00000000169a0000,0x0000000016aa0000)]
=>0x0000000015525800 JavaThread "C2 CompilerThread0" daemon [_thread_in_native, id=14580, stack(0x00000000164a0000,0x00000000165a0000)]
  0x0000000015524800 JavaThread "Attach Listener" daemon [_thread_blocked, id=16032, stack(0x00000000163a0000,0x00000000164a0000)]
  0x00000000154d7000 JavaThread "Signal Dispatcher" daemon [_thread_blocked, id=7976, stack(0x00000000162a0000,0x00000000163a0000)]
  0x000000000302d800 JavaThread "Finalizer" daemon [_thread_blocked, id=17072, stack(0x0000000016120000,0x0000000016220000)]
  0x000000000302b000 JavaThread "Reference Handler" daemon [_thread_blocked, id=6360, stack(0x0000000016020000,0x0000000016120000)]
  0x0000000002f42800 JavaThread "main" [_thread_blocked, id=17780, stack(0x0000000002cb0000,0x0000000002db0000)]

Other Threads:
  0x0000000015496800 VMThread [stack: 0x0000000015f20000,0x0000000016020000] [id=5428]
  0x00000000165cb000 WatcherThread [stack: 0x0000000016ba0000,0x0000000016ca0000] [id=13932]

VM state:not at safepoint (normal execution)

VM Mutex/Monitor currently owned by a thread: None

Heap:
 PSYoungGen      total 35328K, used 24212K [0x00000000eab00000, 0x00000000ef000000, 0x0000000100000000)
  eden space 32768K, 66% used [0x00000000eab00000,0x00000000ec026ca8,0x00000000ecb00000)
  from space 2560K, 99% used [0x00000000ecb00000,0x00000000ecd7e630,0x00000000ecd80000)
  to   space 2560K, 0% used [0x00000000eed80000,0x00000000eed80000,0x00000000ef000000)
 ParOldGen       total 44032K, used 9023K [0x00000000c0000000, 0x00000000c2b00000, 0x00000000eab00000)
  object space 44032K, 20% used [0x00000000c0000000,0x00000000c08cfd18,0x00000000c2b00000)
 Metaspace       used 6300K, capacity 7092K, committed 7296K, reserved 1056768K
  class space    used 602K, capacity 620K, committed 640K, reserved 1048576K

Card table byte_map: [0x0000000012400000,0x0000000012610000] byte_map_base: 0x0000000011e00000

Marking Bits: (ParMarkBitMap*) 0x00000000616da5b0
 Begin Bits: [0x0000000012970000, 0x0000000013970000)
 End Bits:   [0x0000000013970000, 0x0000000014970000)

Polling page: 0x0000000002940000

CodeCache: size=245760Kb used=8321Kb max_used=8321Kb free=237438Kb
 bounds [0x0000000003040000, 0x0000000003870000, 0x0000000012040000]
 total_blobs=2056 nmethods=1785 adapters=184
 compilation: enabled

Compilation events (10 events):
Event: 12.202 Thread 0x0000000015525800 1776       4       com.android.dx.ssa.back.LivenessAnalyzer::coInterferePhis (128 bytes)
Event: 12.219 Thread 0x0000000015525800 nmethod 1776 0x0000000003864c90 code [0x0000000003864e40, 0x0000000003865988]
Event: 12.219 Thread 0x0000000015525800 1777       4       com.android.dx.dex.code.CstInsn::<init> (39 bytes)
Event: 12.221 Thread 0x0000000015525800 nmethod 1777 0x0000000003816450 code [0x00000000038165a0, 0x00000000038166f8]
Event: 12.221 Thread 0x0000000015525800 1778       4       com.android.dx.dex.code.RopTranslator$TranslationVisitor::addOutput (9 bytes)
Event: 12.231 Thread 0x0000000015525800 nmethod 1778 0x0000000003844250 code [0x00000000038443c0, 0x0000000003844978]
Event: 12.231 Thread 0x0000000015525800 1779   !   4       com.android.dx.cf.code.BytecodeArray::parseInstruction (2764 bytes)
Event: 12.661 Thread 0x000000001556d000 1781       3       com.android.dx.ssa.back.FirstFitLocalCombiningAllocator::rangeContainsReserved (30 bytes)
Event: 12.661 Thread 0x000000001556d000 nmethod 1781 0x00000000038185d0 code [0x0000000003818740, 0x0000000003818a08]
Event: 12.666 Thread 0x000000001556d000 1782       3       com.android.dx.ssa.back.FirstFitLocalCombiningAllocator::getLocalItemForReg (97 bytes)

GC Heap History (6 events):
Event: 2.178 GC heap before
{Heap before GC invocations=1 (full 0):
 PSYoungGen      total 18944K, used 16384K [0x00000000eab00000, 0x00000000ec000000, 0x0000000100000000)
  eden space 16384K, 100% used [0x00000000eab00000,0x00000000ebb00000,0x00000000ebb00000)
  from space 2560K, 0% used [0x00000000ebd80000,0x00000000ebd80000,0x00000000ec000000)
  to   space 2560K, 0% used [0x00000000ebb00000,0x00000000ebb00000,0x00000000ebd80000)
 ParOldGen       total 44032K, used 0K [0x00000000c0000000, 0x00000000c2b00000, 0x00000000eab00000)
  object space 44032K, 0% used [0x00000000c0000000,0x00000000c0000000,0x00000000c2b00000)
 Metaspace       used 5799K, capacity 6706K, committed 6784K, reserved 1056768K
  class space    used 594K, capacity 618K, committed 640K, reserved 1048576K
Event: 2.205 GC heap after
Heap after GC invocations=1 (full 0):
 PSYoungGen      total 18944K, used 2548K [0x00000000eab00000, 0x00000000ed000000, 0x0000000100000000)
  eden space 16384K, 0% used [0x00000000eab00000,0x00000000eab00000,0x00000000ebb00000)
  from space 2560K, 99% used [0x00000000ebb00000,0x00000000ebd7d0a0,0x00000000ebd80000)
  to   space 2560K, 0% used [0x00000000ecd80000,0x00000000ecd80000,0x00000000ed000000)
 ParOldGen       total 44032K, used 2052K [0x00000000c0000000, 0x00000000c2b00000, 0x00000000eab00000)
  object space 44032K, 4% used [0x00000000c0000000,0x00000000c0201160,0x00000000c2b00000)
 Metaspace       used 5799K, capacity 6706K, committed 6784K, reserved 1056768K
  class space    used 594K, capacity 618K, committed 640K, reserved 1048576K
}
Event: 2.691 GC heap before
{Heap before GC invocations=2 (full 0):
 PSYoungGen      total 18944K, used 18932K [0x00000000eab00000, 0x00000000ed000000, 0x0000000100000000)
  eden space 16384K, 100% used [0x00000000eab00000,0x00000000ebb00000,0x00000000ebb00000)
  from space 2560K, 99% used [0x00000000ebb00000,0x00000000ebd7d0a0,0x00000000ebd80000)
  to   space 2560K, 0% used [0x00000000ecd80000,0x00000000ecd80000,0x00000000ed000000)
 ParOldGen       total 44032K, used 2052K [0x00000000c0000000, 0x00000000c2b00000, 0x00000000eab00000)
  object space 44032K, 4% used [0x00000000c0000000,0x00000000c0201160,0x00000000c2b00000)
 Metaspace       used 6082K, capacity 6964K, committed 7040K, reserved 1056768K
  class space    used 601K, capacity 620K, committed 640K, reserved 1048576K
Event: 2.892 GC heap after
Heap after GC invocations=2 (full 0):
 PSYoungGen      total 35328K, used 2537K [0x00000000eab00000, 0x00000000ed000000, 0x0000000100000000)
  eden space 32768K, 0% used [0x00000000eab00000,0x00000000eab00000,0x00000000ecb00000)
  from space 2560K, 99% used [0x00000000ecd80000,0x00000000ecffa630,0x00000000ed000000)
  to   space 2560K, 0% used [0x00000000ecb00000,0x00000000ecb00000,0x00000000ecd80000)
 ParOldGen       total 44032K, used 3660K [0x00000000c0000000, 0x00000000c2b00000, 0x00000000eab00000)
  object space 44032K, 8% used [0x00000000c0000000,0x00000000c0393100,0x00000000c2b00000)
 Metaspace       used 6082K, capacity 6964K, committed 7040K, reserved 1056768K
  class space    used 601K, capacity 620K, committed 640K, reserved 1048576K
}
Event: 9.389 GC heap before
{Heap before GC invocations=3 (full 0):
 PSYoungGen      total 35328K, used 35305K [0x00000000eab00000, 0x00000000ed000000, 0x0000000100000000)
  eden space 32768K, 100% used [0x00000000eab00000,0x00000000ecb00000,0x00000000ecb00000)
  from space 2560K, 99% used [0x00000000ecd80000,0x00000000ecffa630,0x00000000ed000000)
  to   space 2560K, 0% used [0x00000000ecb00000,0x00000000ecb00000,0x00000000ecd80000)
 ParOldGen       total 44032K, used 3660K [0x00000000c0000000, 0x00000000c2b00000, 0x00000000eab00000)
  object space 44032K, 8% used [0x00000000c0000000,0x00000000c0393100,0x00000000c2b00000)
 Metaspace       used 6264K, capacity 7092K, committed 7296K, reserved 1056768K
  class space    used 602K, capacity 620K, committed 640K, reserved 1048576K
Event: 9.477 GC heap after
Heap after GC invocations=3 (full 0):
 PSYoungGen      total 35328K, used 2553K [0x00000000eab00000, 0x00000000ef000000, 0x0000000100000000)
  eden space 32768K, 0% used [0x00000000eab00000,0x00000000eab00000,0x00000000ecb00000)
  from space 2560K, 99% used [0x00000000ecb00000,0x00000000ecd7e630,0x00000000ecd80000)
  to   space 2560K, 0% used [0x00000000eed80000,0x00000000eed80000,0x00000000ef000000)
 ParOldGen       total 44032K, used 9023K [0x00000000c0000000, 0x00000000c2b00000, 0x00000000eab00000)
  object space 44032K, 20% used [0x00000000c0000000,0x00000000c08cfd18,0x00000000c2b00000)
 Metaspace       used 6264K, capacity 7092K, committed 7296K, reserved 1056768K
  class space    used 602K, capacity 620K, committed 640K, reserved 1048576K
}

Deoptimization events (10 events):
Event: 8.696 Thread 0x0000000002f42800 Uncommon trap: reason=unstable_if action=reinterpret pc=0x00000000036043b4 method=com.android.dx.ssa.SsaBasicBlock.scheduleMovesFromPhis()V @ 63
Event: 10.436 Thread 0x00000000167a2800 Uncommon trap: reason=uninitialized action=reinterpret pc=0x0000000003543034 method=com.android.dx.cf.code.BytecodeArray.parseInstruction(ILcom/android/dx/cf/code/BytecodeArray$Visitor;)I @ 1079
Event: 10.453 Thread 0x00000000167a2800 Uncommon trap: reason=bimorphic action=maybe_recompile pc=0x0000000003659a08 method=com.android.dx.ssa.SCCP.simulatePhi(Lcom/android/dx/ssa/PhiInsn;)V @ 124
Event: 10.453 Thread 0x00000000167a2800 Uncommon trap: reason=bimorphic action=maybe_recompile pc=0x000000000376beb4 method=com.android.dx.ssa.SCCP.simulatePhi(Lcom/android/dx/ssa/PhiInsn;)V @ 124
Event: 10.649 Thread 0x00000000167a2800 Uncommon trap: reason=bimorphic action=maybe_recompile pc=0x00000000032d38c4 method=java.util.HashMap.getNode(ILjava/lang/Object;)Ljava/util/HashMap$Node; @ 126
Event: 10.649 Thread 0x00000000167a2800 Uncommon trap: reason=class_check action=maybe_recompile pc=0x00000000034dfae0 method=java.util.HashMap.putVal(ILjava/lang/Object;Ljava/lang/Object;ZZ)Ljava/lang/Object; @ 203
Event: 10.660 Thread 0x00000000167c5800 Uncommon trap: reason=bimorphic action=maybe_recompile pc=0x0000000003659a08 method=com.android.dx.ssa.SCCP.simulatePhi(Lcom/android/dx/ssa/PhiInsn;)V @ 124
Event: 11.462 Thread 0x00000000167a2800 Uncommon trap: reason=bimorphic action=maybe_recompile pc=0x0000000003659a08 method=com.android.dx.ssa.SCCP.simulatePhi(Lcom/android/dx/ssa/PhiInsn;)V @ 124
Event: 11.462 Thread 0x00000000167a2800 Uncommon trap: reason=bimorphic action=maybe_recompile pc=0x000000000376beb4 method=com.android.dx.ssa.SCCP.simulatePhi(Lcom/android/dx/ssa/PhiInsn;)V @ 124
Event: 11.567 Thread 0x00000000167a2800 Uncommon trap: reason=bimorphic action=maybe_recompile pc=0x0000000003397f50 method=java.util.HashMap.getNode(ILjava/lang/Object;)Ljava/util/HashMap$Node; @ 126

Internal exceptions (3 events):
Event: 0.661 Thread 0x0000000002f42800 Exception <a 'java/lang/NoSuchMethodError': Method sun.misc.Unsafe.defineClass(Ljava/lang/String;[BII)Ljava/lang/Class; name or signature does not match> (0x00000000eab13048) thrown at [C:\workspace\8-2-build-windows-amd64-cygwin\jdk8u65\4987\hotspot\src\sãgøì(å?
Event: 0.661 Thread 0x0000000002f42800 Exception <a 'java/lang/NoSuchMethodError': Method sun.misc.Unsafe.prefetchRead(Ljava/lang/Object;J)V name or signature does not match> (0x00000000eab13330) thrown at [C:\workspace\8-2-build-windows-amd64-cygwin\jdk8u65\4987\hotspot\src\share\vm\prims\jni.bJ¯ô›@
Event: 7.402 Thread 0x00000000167c0800 Implicit null exception at 0x0000000003399e22 to 0x0000000003399f12

Events (10 events):
Event: 10.660 Thread 0x00000000167c5800 DEOPT UNPACKING pc=0x000000000308582a sp=0x000000001719e938 mode 2
Event: 11.462 Thread 0x00000000167a2800 Uncommon trap: trap_request=0xffffffc6 fr.pc=0x0000000003659a08
Event: 11.462 Thread 0x00000000167a2800 DEOPT PACKING pc=0x0000000003659a08 sp=0x0000000016d9e9b0
Event: 11.462 Thread 0x00000000167a2800 DEOPT UNPACKING pc=0x000000000308582a sp=0x0000000016d9e948 mode 2
Event: 11.462 Thread 0x00000000167a2800 Uncommon trap: trap_request=0xffffffc6 fr.pc=0x000000000376beb4
Event: 11.462 Thread 0x00000000167a2800 DEOPT PACKING pc=0x000000000376beb4 sp=0x0000000016d9e950
Event: 11.462 Thread 0x00000000167a2800 DEOPT UNPACKING pc=0x000000000308582a sp=0x0000000016d9e938 mode 2
Event: 11.567 Thread 0x00000000167a2800 Uncommon trap: trap_request=0xffffffc6 fr.pc=0x0000000003397f50
Event: 11.567 Thread 0x00000000167a2800 DEOPT PACKING pc=0x0000000003397f50 sp=0x0000000016d9e7d0
Event: 11.567 Thread 0x00000000167a2800 DEOPT UNPACKING pc=0x000000000308582a sp=0x0000000016d9e6e8 mode 2


Dynamic libraries:
0x00007ff6ff810000 - 0x00007ff6ff847000 	C:\Program Files\Java\jdk1.8.0_65\bin\java.exe
0x00007fffde190000 - 0x00007fffde361000 	C:\WINDOWS\SYSTEM32\ntdll.dll
0x00007fffdc9a0000 - 0x00007fffdca4b000 	C:\WINDOWS\System32\KERNEL32.DLL
0x00007fffda790000 - 0x00007fffda9ad000 	C:\WINDOWS\System32\KERNELBASE.dll
0x00007fffdb880000 - 0x00007fffdb922000 	C:\WINDOWS\System32\ADVAPI32.dll
0x00007fffdc720000 - 0x00007fffdc7be000 	C:\WINDOWS\System32\msvcrt.dll
0x00007fffdc650000 - 0x00007fffdc6a9000 	C:\WINDOWS\System32\sechost.dll
0x00007fffdb930000 - 0x00007fffdba51000 	C:\WINDOWS\System32\RPCRT4.dll
0x00007fffdca50000 - 0x00007fffdcbb5000 	C:\WINDOWS\System32\USER32.dll
0x00007fffdab80000 - 0x00007fffdab9e000 	C:\WINDOWS\System32\win32u.dll
0x00007fffdb750000 - 0x00007fffdb784000 	C:\WINDOWS\System32\GDI32.dll
0x00007fffdb420000 - 0x00007fffdb5a2000 	C:\WINDOWS\System32\gdi32full.dll
0x00007fffd14c0000 - 0x00007fffd1739000 	C:\WINDOWS\WinSxS\amd64_microsoft.windows.common-controls_6595b64144ccf1df_6.0.14393.0_none_2d0f50fcbdb171b8\COMCTL32.dll
0x00007fffdc310000 - 0x00007fffdc5d7000 	C:\WINDOWS\System32\combase.dll
0x00007fffdaba0000 - 0x00007fffdac95000 	C:\WINDOWS\System32\ucrtbase.dll
0x00007fffdb5b0000 - 0x00007fffdb61a000 	C:\WINDOWS\System32\bcryptPrimitives.dll
0x00007fffdb850000 - 0x00007fffdb87e000 	C:\WINDOWS\System32\IMM32.DLL
0x0000000060a10000 - 0x0000000060ae2000 	C:\Program Files\Java\jdk1.8.0_65\jre\bin\msvcr100.dll
0x0000000060ed0000 - 0x0000000061759000 	C:\Program Files\Java\jdk1.8.0_65\jre\bin\server\jvm.dll
0x00007fffdc920000 - 0x00007fffdc928000 	C:\WINDOWS\System32\PSAPI.DLL
0x00007fffcbdc0000 - 0x00007fffcbdc9000 	C:\WINDOWS\SYSTEM32\WSOCK32.dll
0x00007fffdc5e0000 - 0x00007fffdc64a000 	C:\WINDOWS\System32\WS2_32.dll
0x00007fffd8660000 - 0x00007fffd8683000 	C:\WINDOWS\SYSTEM32\WINMM.dll
0x00007fffcf330000 - 0x00007fffcf33a000 	C:\WINDOWS\SYSTEM32\VERSION.dll
0x00007fffd8630000 - 0x00007fffd865b000 	C:\WINDOWS\SYSTEM32\WINMMBASE.dll
0x00007fffdb620000 - 0x00007fffdb662000 	C:\WINDOWS\System32\cfgmgr32.dll
0x0000000060ec0000 - 0x0000000060ecf000 	C:\Program Files\Java\jdk1.8.0_65\jre\bin\verify.dll
0x0000000060e90000 - 0x0000000060eb9000 	C:\Program Files\Java\jdk1.8.0_65\jre\bin\java.dll
0x0000000060e70000 - 0x0000000060e86000 	C:\Program Files\Java\jdk1.8.0_65\jre\bin\zip.dll
0x00007fffdcc20000 - 0x00007fffde128000 	C:\WINDOWS\System32\SHELL32.dll
0x00007fffdad40000 - 0x00007fffdb41a000 	C:\WINDOWS\System32\windows.storage.dll
0x00007fffda610000 - 0x00007fffda65c000 	C:\WINDOWS\System32\powrprof.dll
0x00007fffdc930000 - 0x00007fffdc982000 	C:\WINDOWS\System32\shlwapi.dll
0x00007fffda600000 - 0x00007fffda60f000 	C:\WINDOWS\System32\kernel.appcore.dll
0x00007fffda6e0000 - 0x00007fffda789000 	C:\WINDOWS\System32\shcore.dll
0x00007fffda660000 - 0x00007fffda674000 	C:\WINDOWS\System32\profapi.dll

VM Arguments:
jvm_args: -Djava.awt.headless=true -Xmx1024M -Dfile.encoding=x-windows-949 -Duser.country=KR -Duser.language=ko -Duser.variant 
java_command: com.android.dx.command.Main --dex --force-jumbo --num-threads=4 --output C:\Android\MyApp161003\MyApp\app\build\intermediates\pre-dexed\debug\com.google.android.gms-play-services-wallet-8.4.0_58518acfb5dbcde2a29680d1108c7da8f69bbf62.jar C:\Android\MyApp161003\MyApp\app\build\intermediates\exploded-aar\com.google.android.gms\play-services-wallet\8.4.0\jars\classes.jar
java_class_path (initial): C:\android-sdk-windows\build-tools\23.0.3\lib\dx.jar
Launcher Type: SUN_STANDARD

Environment Variables:
CLASSPATH=C:\Jess71p2\lib\jess.jar
PATH=C:\ProgramData\Oracle\Java\javapath;C:\Program Files (x86)\Intel\iCLS Client\;C:\Program Files\Intel\iCLS Client\;C:\WINDOWS\system32;C:\WINDOWS;C:\WINDOWS\System32\Wbem;C:\WINDOWS\System32\WindowsPowerShell\v1.0\;C:\Program Files\Intel\Intel(R) Management Engine Components\DAL;C:\Program Files (x86)\Intel\Intel(R) Management Engine Components\DAL;C:\Program Files\Intel\Intel(R) Management Engine Components\IPT;C:\Program Files (x86)\Intel\Intel(R) Management Engine Components\IPT;C:\Program Files\Samsung\SamsungLink\AllShare Framework DMS\bin\;C:\Development\Android\android-sdk\tools\;C:\Development\Android\android-sdk\platform-tools\;C:\android-sdk-windows\android-ndk-r11b-windows-x86_64\android-ndk-r11b;C:\cygwin64;C:\WINDOWS\system32\config\systemprofile\.dnx\bin;C:\Program Files\Microsoft DNX\Dnvm\;C:\Program Files\Microsoft SQL Server\130\Tools\Binn\;C:\Program Files (x86)\Windows Kits\8.1\Windows Performance Toolkit\;C:\Users\½Å¿µÁØ\AppData\Local\Microsoft\WindowsApps;
USERNAME=½Å¿µÁØ
OS=Windows_NT
PROCESSOR_IDENTIFIER=Intel64 Family 6 Model 61 Stepping 4, GenuineIntel



---------------  S Y S T E M  ---------------

OS: Windows 10.0 , 64 bit Build 14393 (10.0.14393.0)

CPU:total 2 (2 cores per cpu, 1 threads per core) family 6 model 61 stepping 4, cmov, cx8, fxsr, mmx, sse, sse2, sse3, ssse3, sse4.1, sse4.2, popcnt, clmul, erms, 3dnowpref, lzcnt, tsc, tscinvbit

Memory: 4k page, physical 4107968k(244324k free), swap 16690880k(5576k free)

vm_info: Java HotSpot(TM) 64-Bit Server VM (25.65-b01) for windows-amd64 JRE (1.8.0_65-b17), built on Oct  6 2015 16:39:20 by "java_re" with MS VC++ 10.0 (VS2010)

time: Mon Oct 03 15:20:29 2016
elapsed time: 12 seconds (0d 0h 0m 12s)

