#
# There is insufficient memory for the Java Runtime Environment to continue.
# Native memory allocation (malloc) failed to allocate 505776 bytes for Chunk::new
# Possible reasons:
#   The system is out of physical RAM or swap space
#   In 32 bit mode, the process size limit was hit
# Possible solutions:
#   Reduce memory load on the system
#   Increase physical memory or swap space
#   Check if swap backing store is full
#   Use 64 bit Java on a 64 bit OS
#   Decrease Java heap size (-Xmx/-Xms)
#   Decrease number of Java threads
#   Decrease Java thread stack sizes (-Xss)
#   Set larger code cache with -XX:ReservedCodeCacheSize=
# This output file may be truncated or incomplete.
#
#  Out of Memory Error (allocation.cpp:390), pid=18316, tid=2832
#
# JRE version: Java(TM) SE Runtime Environment (8.0_65-b17) (build 1.8.0_65-b17)
# Java VM: Java HotSpot(TM) 64-Bit Server VM (25.65-b01 mixed mode windows-amd64 compressed oops)
# Failed to write core dump. Minidumps are not enabled by default on client versions of Windows
#

---------------  T H R E A D  ---------------

Current thread (0x00000000152b6800):  JavaThread "C2 CompilerThread0" daemon [_thread_in_native, id=2832, stack(0x0000000016190000,0x0000000016290000)]

Stack: [0x0000000016190000,0x0000000016290000]
[error occurred during error reporting (printing stack bounds), id 0xc0000005]

Native frames: (J=compiled Java code, j=interpreted, Vv=VM code, C=native code)


Current CompileTask:
C2:   4179  710       4       com.android.dx.ssa.NormalSsaInsn::accept (25 bytes)


---------------  P R O C E S S  ---------------

Java Threads: ( => current thread )
  0x000000001640b000 JavaThread "pool-1-thread-4" [_thread_in_Java, id=16744, stack(0x0000000016d90000,0x0000000016e90000)]
  0x0000000016403000 JavaThread "pool-1-thread-3" [_thread_in_Java, id=16972, stack(0x0000000016c90000,0x0000000016d90000)]
  0x00000000163ff800 JavaThread "pool-1-thread-2" [_thread_in_Java, id=15452, stack(0x0000000016b90000,0x0000000016c90000)]
  0x00000000163f6000 JavaThread "pool-2-thread-1" [_thread_blocked, id=15476, stack(0x0000000016a90000,0x0000000016b90000)]
  0x00000000163fd000 JavaThread "pool-1-thread-1" [_thread_in_Java, id=18364, stack(0x0000000016990000,0x0000000016a90000)]
  0x00000000162a6800 JavaThread "Service Thread" daemon [_thread_blocked, id=16812, stack(0x0000000016790000,0x0000000016890000)]
  0x00000000162a3000 JavaThread "C1 CompilerThread1" daemon [_thread_in_vm, id=8236, stack(0x0000000016690000,0x0000000016790000)]
=>0x00000000152b6800 JavaThread "C2 CompilerThread0" daemon [_thread_in_native, id=2832, stack(0x0000000016190000,0x0000000016290000)]
  0x0000000015268800 JavaThread "Attach Listener" daemon [_thread_blocked, id=16912, stack(0x0000000016090000,0x0000000016190000)]
  0x0000000015267000 JavaThread "Signal Dispatcher" daemon [_thread_blocked, id=15164, stack(0x0000000015f90000,0x0000000016090000)]
  0x0000000002dc3800 JavaThread "Finalizer" daemon [_thread_blocked, id=13344, stack(0x0000000015e90000,0x0000000015f90000)]
  0x0000000002dbb000 JavaThread "Reference Handler" daemon [_thread_blocked, id=11240, stack(0x0000000015d90000,0x0000000015e90000)]
  0x0000000002cd0800 JavaThread "main" [_thread_in_Java, id=17684, stack(0x0000000002b70000,0x0000000002c70000)]

Other Threads:
  0x0000000015226800 VMThread [stack: 0x0000000015c90000,0x0000000015d90000] [id=15168]
  0x00000000162c1800 WatcherThread [stack: 0x0000000016890000,0x0000000016990000] [id=17516]

VM state:not at safepoint (normal execution)

VM Mutex/Monitor currently owned by a thread: None

Heap:
 PSYoungGen      total 18944K, used 14436K [0x00000000eab00000, 0x00000000ec000000, 0x0000000100000000)
  eden space 16384K, 88% used [0x00000000eab00000,0x00000000eb9190f0,0x00000000ebb00000)
  from space 2560K, 0% used [0x00000000ebd80000,0x00000000ebd80000,0x00000000ec000000)
  to   space 2560K, 0% used [0x00000000ebb00000,0x00000000ebb00000,0x00000000ebd80000)
 ParOldGen       total 44032K, used 0K [0x00000000c0000000, 0x00000000c2b00000, 0x00000000eab00000)
  object space 44032K, 0% used [0x00000000c0000000,0x00000000c0000000,0x00000000c2b00000)
 Metaspace       used 5770K, capacity 6708K, committed 6784K, reserved 1056768K
  class space    used 599K, capacity 620K, committed 640K, reserved 1048576K

Card table byte_map: [0x0000000012190000,0x00000000123a0000] byte_map_base: 0x0000000011b90000

Marking Bits: (ParMarkBitMap*) 0x00000000616da5b0
 Begin Bits: [0x0000000012700000, 0x0000000013700000)
 End Bits:   [0x0000000013700000, 0x0000000014700000)

Polling page: 0x0000000000d00000

CodeCache: size=245760Kb used=3112Kb max_used=3112Kb free=242648Kb
 bounds [0x0000000002dd0000, 0x00000000030e0000, 0x0000000011dd0000]
 total_blobs=1018 nmethods=747 adapters=184
 compilation: disabled (not enough contiguous free space left)

Compilation events (10 events):
Event: 4.160 Thread 0x00000000162a3000 nmethod 731 0x00000000030c65d0 code [0x00000000030c6720, 0x00000000030c6870]
Event: 4.161 Thread 0x00000000162a3000  732       3       com.android.dx.ssa.back.SsaToRop$1::visitBlock (97 bytes)
Event: 4.162 Thread 0x00000000162a3000 nmethod 732 0x00000000030c6910 code [0x00000000030c6b80, 0x00000000030c7ac8]
Event: 4.162 Thread 0x00000000162a3000  736       3       com.android.dx.ssa.back.SsaToRop::convertInsns (53 bytes)
Event: 4.163 Thread 0x00000000162a3000 nmethod 736 0x00000000030c8450 code [0x00000000030c86c0, 0x00000000030c96a8]
Event: 4.163 Thread 0x00000000162a3000  734       3       com.android.dx.ssa.SsaBasicBlock::getRopLabelSuccessorList (57 bytes)
Event: 4.164 Thread 0x00000000162a3000 nmethod 734 0x00000000030ca390 code [0x00000000030ca580, 0x00000000030cb068]
Event: 4.164 Thread 0x00000000162a3000  746       3       com.android.dx.ssa.SsaMethod::indexListFromLabelList (47 bytes)
Event: 4.164 Thread 0x00000000162a3000 nmethod 746 0x00000000030cb710 code [0x00000000030cb8c0, 0x00000000030cc078]
Event: 4.164 Thread 0x00000000162a3000  742       3       com.android.dx.cf.iface.StdAttributeList::findFirst (44 bytes)

GC Heap History (0 events):
No events

Deoptimization events (0 events):
No events

Internal exceptions (2 events):
Event: 0.046 Thread 0x0000000002cd0800 Exception <a 'java/lang/NoSuchMethodError': Method sun.misc.Unsafe.defineClass(Ljava/lang/String;[BII)Ljava/lang/Class; name or signature does not match> (0x00000000eab12cf8) thrown at [C:\workspace\8-2-build-windows-amd64-cygwin\jdk8u65\4987\hotspot\src\së%g«¶Å§?
Event: 0.046 Thread 0x0000000002cd0800 Exception <a 'java/lang/NoSuchMethodError': Method sun.misc.Unsafe.prefetchRead(Ljava/lang/Object;J)V name or signature does not match> (0x00000000eab12fe0) thrown at [C:\workspace\8-2-build-windows-amd64-cygwin\jdk8u65\4987\hotspot\src\share\vm\prims\jni.

Events (10 events):
Event: 3.671 loading class com/android/dx/ssa/PhiInsn$Operand
Event: 3.671 loading class com/android/dx/ssa/PhiInsn$Operand done
Event: 3.676 loading class com/android/dx/ssa/back/FirstFitLocalCombiningAllocator$Multiset
Event: 3.676 loading class com/android/dx/ssa/back/FirstFitLocalCombiningAllocator$Multiset done
Event: 3.678 loading class com/android/dx/dex/file/MethodAnnotationStruct
Event: 3.678 loading class com/android/dx/dex/file/MethodAnnotationStruct done
Event: 4.018 loading class java/util/TreeMap$EntrySet
Event: 4.018 loading class java/util/TreeMap$EntrySet done
Event: 4.018 loading class java/util/TreeMap$EntryIterator
Event: 4.018 loading class java/util/TreeMap$EntryIterator done


Dynamic libraries:
0x00007ff6ff810000 - 0x00007ff6ff847000 	C:\Program Files\Java\jdk1.8.0_65\bin\java.exe
0x00007fffde190000 - 0x00007fffde361000 	C:\WINDOWS\SYSTEM32\ntdll.dll
0x00007fffdc9a0000 - 0x00007fffdca4b000 	C:\WINDOWS\System32\KERNEL32.DLL
0x00007fffda790000 - 0x00007fffda9ad000 	C:\WINDOWS\System32\KERNELBASE.dll
0x00007fffdb880000 - 0x00007fffdb922000 	C:\WINDOWS\System32\ADVAPI32.dll
0x00007fffdc720000 - 0x00007fffdc7be000 	C:\WINDOWS\System32\msvcrt.dll
0x00007fffdc650000 - 0x00007fffdc6a9000 	C:\WINDOWS\System32\sechost.dll
0x00007fffdb930000 - 0x00007fffdba51000 	C:\WINDOWS\System32\RPCRT4.dll
0x00007fffdca50000 - 0x00007fffdcbb5000 	C:\WINDOWS\System32\USER32.dll
0x00007fffdab80000 - 0x00007fffdab9e000 	C:\WINDOWS\System32\win32u.dll
0x00007fffdb750000 - 0x00007fffdb784000 	C:\WINDOWS\System32\GDI32.dll
0x00007fffdb420000 - 0x00007fffdb5a2000 	C:\WINDOWS\System32\gdi32full.dll
0x00007fffd14c0000 - 0x00007fffd1739000 	C:\WINDOWS\WinSxS\amd64_microsoft.windows.common-controls_6595b64144ccf1df_6.0.14393.0_none_2d0f50fcbdb171b8\COMCTL32.dll
0x00007fffdc310000 - 0x00007fffdc5d7000 	C:\WINDOWS\System32\combase.dll
0x00007fffdaba0000 - 0x00007fffdac95000 	C:\WINDOWS\System32\ucrtbase.dll
0x00007fffdb5b0000 - 0x00007fffdb61a000 	C:\WINDOWS\System32\bcryptPrimitives.dll
0x00007fffdb850000 - 0x00007fffdb87e000 	C:\WINDOWS\System32\IMM32.DLL
0x0000000060a10000 - 0x0000000060ae2000 	C:\Program Files\Java\jdk1.8.0_65\jre\bin\msvcr100.dll
0x0000000060ed0000 - 0x0000000061759000 	C:\Program Files\Java\jdk1.8.0_65\jre\bin\server\jvm.dll
0x00007fffdc920000 - 0x00007fffdc928000 	C:\WINDOWS\System32\PSAPI.DLL
0x00007fffcbdc0000 - 0x00007fffcbdc9000 	C:\WINDOWS\SYSTEM32\WSOCK32.dll
0x00007fffdc5e0000 - 0x00007fffdc64a000 	C:\WINDOWS\System32\WS2_32.dll
0x00007fffd8660000 - 0x00007fffd8683000 	C:\WINDOWS\SYSTEM32\WINMM.dll
0x00007fffcf330000 - 0x00007fffcf33a000 	C:\WINDOWS\SYSTEM32\VERSION.dll
0x00007fffd8630000 - 0x00007fffd865b000 	C:\WINDOWS\SYSTEM32\WINMMBASE.dll
0x00007fffdb620000 - 0x00007fffdb662000 	C:\WINDOWS\System32\cfgmgr32.dll
0x0000000060ec0000 - 0x0000000060ecf000 	C:\Program Files\Java\jdk1.8.0_65\jre\bin\verify.dll
0x0000000060e90000 - 0x0000000060eb9000 	C:\Program Files\Java\jdk1.8.0_65\jre\bin\java.dll
0x0000000060e70000 - 0x0000000060e86000 	C:\Program Files\Java\jdk1.8.0_65\jre\bin\zip.dll
0x00007fffdcc20000 - 0x00007fffde128000 	C:\WINDOWS\System32\SHELL32.dll
0x00007fffdad40000 - 0x00007fffdb41a000 	C:\WINDOWS\System32\windows.storage.dll
0x00007fffda610000 - 0x00007fffda65c000 	C:\WINDOWS\System32\powrprof.dll
0x00007fffdc930000 - 0x00007fffdc982000 	C:\WINDOWS\System32\shlwapi.dll
0x00007fffda600000 - 0x00007fffda60f000 	C:\WINDOWS\System32\kernel.appcore.dll
0x00007fffda6e0000 - 0x00007fffda789000 	C:\WINDOWS\System32\shcore.dll
0x00007fffda660000 - 0x00007fffda674000 	C:\WINDOWS\System32\profapi.dll

VM Arguments:
jvm_args: -Djava.awt.headless=true -Xmx1024M -Dfile.encoding=x-windows-949 -Duser.country=KR -Duser.language=ko -Duser.variant 
java_command: com.android.dx.command.Main --dex --force-jumbo --num-threads=4 --output C:\Android\MyApp161003\MyApp\app\build\intermediates\pre-dexed\debug\instant-run_7787d16b55f0af3602784a650017d9c9700f6d06.jar C:\Android\MyApp161003\MyApp\app\build\intermediates\incremental-runtime-classes\debug\instant-run.jar
java_class_path (initial): C:\android-sdk-windows\build-tools\23.0.3\lib\dx.jar
Launcher Type: SUN_STANDARD

Environment Variables:
CLASSPATH=C:\Jess71p2\lib\jess.jar
PATH=C:\ProgramData\Oracle\Java\javapath;C:\Program Files (x86)\Intel\iCLS Client\;C:\Program Files\Intel\iCLS Client\;C:\WINDOWS\system32;C:\WINDOWS;C:\WINDOWS\System32\Wbem;C:\WINDOWS\System32\WindowsPowerShell\v1.0\;C:\Program Files\Intel\Intel(R) Management Engine Components\DAL;C:\Program Files (x86)\Intel\Intel(R) Management Engine Components\DAL;C:\Program Files\Intel\Intel(R) Management Engine Components\IPT;C:\Program Files (x86)\Intel\Intel(R) Management Engine Components\IPT;C:\Program Files\Samsung\SamsungLink\AllShare Framework DMS\bin\;C:\Development\Android\android-sdk\tools\;C:\Development\Android\android-sdk\platform-tools\;C:\android-sdk-windows\android-ndk-r11b-windows-x86_64\android-ndk-r11b;C:\cygwin64;C:\WINDOWS\system32\config\systemprofile\.dnx\bin;C:\Program Files\Microsoft DNX\Dnvm\;C:\Program Files\Microsoft SQL Server\130\Tools\Binn\;C:\Program Files (x86)\Windows Kits\8.1\Windows Performance Toolkit\;C:\Users\½Å¿µÁØ\AppData\Local\Microsoft\WindowsApps;
USERNAME=½Å¿µÁØ
OS=Windows_NT
PROCESSOR_IDENTIFIER=Intel64 Family 6 Model 61 Stepping 4, GenuineIntel



---------------  S Y S T E M  ---------------

OS: Windows 10.0 , 64 bit Build 14393 (10.0.14393.0)

CPU:total 2 (2 cores per cpu, 1 threads per core) family 6 model 61 stepping 4, cmov, cx8, fxsr, mmx, sse, sse2, sse3, ssse3, sse4.1, sse4.2, popcnt, clmul, erms, 3dnowpref, lzcnt, tsc, tscinvbit

Memory: 4k page, physical 4107968k(430284k free), swap 16690880k(4048k free)

vm_info: Java HotSpot(TM) 64-Bit Server VM (25.65-b01) for windows-amd64 JRE (1.8.0_65-b17), built on Oct  6 2015 16:39:20 by "java_re" with MS VC++ 10.0 (VS2010)

time: Mon Oct 03 15:11:48 2016
elapsed time: 4 seconds (0d 0h 0m 4s)

